<?xml version="1.0" encoding="UTF-8"?>
<!-- Generated by org.testng.reporters.JUnitXMLReporter -->
<testsuite ignored="0" hostname="DESKTOP-J58A09V" failures="0" tests="4" name="Default test" time="0.601" errors="0" timestamp="2023-12-01T22:26:50 PKT">
  <testcase classname="SeleniumAutomation.FirstTest.Classn1" name="test4" time="0.113"/>
  <testcase classname="SeleniumAutomation.FirstTest.Classn1" name="test3" time="0.013"/>
  <testcase classname="SeleniumAutomation.FirstTest.Classn1" name="test2" time="0.019"/>
  <testcase classname="SeleniumAutomation.FirstTest.Classn1" name="test1" time="0.011"/>
</testsuite> <!-- Default test -->
