<?xml version="1.0" encoding="UTF-8"?>
<!-- Generated by org.testng.reporters.JUnitXMLReporter -->
<testsuite ignored="0" hostname="DESKTOP-J58A09V" failures="0" tests="13" name="Test" time="0.22" errors="0" timestamp="2023-11-30T18:09:23 PKT">
  <testcase classname="SeleniumAutomation.FirstTest.Classn4" name="test13" time="0.016"/>
  <testcase classname="SeleniumAutomation.FirstTest.Classn3" name="test10" time="0.003"/>
  <testcase classname="SeleniumAutomation.FirstTest.Classn3" name="test11" time="0.002"/>
  <testcase classname="SeleniumAutomation.FirstTest.Classn3" name="test12" time="0.001"/>
  <testcase classname="SeleniumAutomation.FirstTest.Classn3" name="test9" time="0.006"/>
  <testcase classname="SeleniumAutomation.FirstTest.Classn2" name="test5" time="0.001"/>
  <testcase classname="SeleniumAutomation.FirstTest.Classn2" name="test6" time="0.001"/>
  <testcase classname="SeleniumAutomation.FirstTest.Classn2" name="test7" time="0.001"/>
  <testcase classname="SeleniumAutomation.FirstTest.Classn2" name="test8" time="0.003"/>
  <testcase classname="SeleniumAutomation.FirstTest.Classn1" name="test1" time="0.001"/>
  <testcase classname="SeleniumAutomation.FirstTest.Classn1" name="test2" time="0.012"/>
  <testcase classname="SeleniumAutomation.FirstTest.Classn1" name="test3" time="0.005"/>
  <testcase classname="SeleniumAutomation.FirstTest.Classn1" name="test4" time="0.001"/>
</testsuite> <!-- Test -->
