<?xml version="1.0" encoding="UTF-8"?>
<!-- Generated by org.testng.reporters.JUnitXMLReporter -->
<testsuite ignored="10" hostname="DESKTOP-J58A09V" failures="0" tests="2" name="Test" time="0.255" errors="0" timestamp="2023-12-02T00:00:45 PKT">
  <testcase classname="SeleniumAutomation.FirstTest.NewOne" name="test2" time="0.028"/>
  <testcase classname="SeleniumAutomation.FirstTest.NewOne" name="test3" time="0.003"/>
  <testcase classname="SeleniumAutomation.FirstTest.Classn1" name="test1" time="0.0">
    <ignored/>
  </testcase> <!-- test1 -->
  <testcase classname="SeleniumAutomation.FirstTest.NewOne" name="test" time="0.0">
    <ignored/>
  </testcase> <!-- test -->
  <testcase classname="SeleniumAutomation.FirstTest.Classn3" name="test10" time="0.0">
    <ignored/>
  </testcase> <!-- test10 -->
  <testcase classname="SeleniumAutomation.FirstTest.Classn3" name="test11" time="0.0">
    <ignored/>
  </testcase> <!-- test11 -->
  <testcase classname="SeleniumAutomation.FirstTest.Login" name="sitelogin" time="0.0">
    <ignored/>
  </testcase> <!-- sitelogin -->
  <testcase classname="SeleniumAutomation.FirstTest.Classn1" name="test4" time="0.0">
    <ignored/>
  </testcase> <!-- test4 -->
  <testcase classname="SeleniumAutomation.FirstTest.Classn2" name="test6" time="0.0">
    <ignored/>
  </testcase> <!-- test6 -->
  <testcase classname="SeleniumAutomation.FirstTest.Classn2" name="test7" time="0.0">
    <ignored/>
  </testcase> <!-- test7 -->
  <testcase classname="SeleniumAutomation.FirstTest.Classn1" name="test3" time="0.0">
    <ignored/>
  </testcase> <!-- test3 -->
  <testcase classname="SeleniumAutomation.FirstTest.Classn1" name="test2" time="0.0">
    <ignored/>
  </testcase> <!-- test2 -->
</testsuite> <!-- Test -->
