<?xml version="1.0" encoding="UTF-8"?>
<testng-results ignored="10" total="12" passed="2" failed="0" skipped="0">
  <reporter-output>
  </reporter-output>
  <suite started-at="2023-12-02T00:00:44 PKT" name="Test-Suite" finished-at="2023-12-02T00:00:44 PKT" duration-ms="255">
    <groups>
      <group name="group1">
        <method signature="NewOne.test2()[pri:0, instance:SeleniumAutomation.FirstTest.NewOne@16ec5519]" name="test2" class="SeleniumAutomation.FirstTest.NewOne"/>
        <method signature="NewOne.test3()[pri:0, instance:SeleniumAutomation.FirstTest.NewOne@16ec5519]" name="test3" class="SeleniumAutomation.FirstTest.NewOne"/>
      </group> <!-- group1 -->
    </groups>
    <test started-at="2023-12-02T00:00:44 PKT" name="Test" finished-at="2023-12-02T00:00:44 PKT" duration-ms="255">
      <class name="SeleniumAutomation.FirstTest.NewOne">
        <test-method signature="test2()[pri:0, instance:SeleniumAutomation.FirstTest.NewOne@16ec5519]" started-at="2023-12-02T00:00:44 PKT" name="test2" finished-at="2023-12-02T00:00:44 PKT" duration-ms="28" status="PASS">
          <reporter-output>
          </reporter-output>
        </test-method> <!-- test2 -->
        <test-method signature="test3()[pri:0, instance:SeleniumAutomation.FirstTest.NewOne@16ec5519]" started-at="2023-12-02T00:00:44 PKT" name="test3" finished-at="2023-12-02T00:00:44 PKT" duration-ms="3" status="PASS">
          <reporter-output>
          </reporter-output>
        </test-method> <!-- test3 -->
      </class> <!-- SeleniumAutomation.FirstTest.NewOne -->
    </test> <!-- Test -->
  </suite> <!-- Test-Suite -->
</testng-results>
